[0221/100337.929:ERROR:process_info.cc(608)] range at 0xf806307200000000, size 0xfb fully unreadable
[0221/100337.929:ERROR:process_info.cc(608)] range at 0xf806309200000000, size 0xfb fully unreadable
[0221/100337.929:ERROR:process_info.cc(608)] range at 0x0, size 0xfb fully unreadable
[0221/112059.945:ERROR:process_info.cc(608)] range at 0x6f29307200000000, size 0x93 fully unreadable
[0221/112059.945:ERROR:process_info.cc(608)] range at 0x6f29309200000000, size 0x93 fully unreadable
[0221/112059.945:ERROR:process_info.cc(608)] range at 0x0, size 0x93 fully unreadable
[0221/112150.015:ERROR:process_info.cc(608)] range at 0x27ca307200000000, size 0x4e fully unreadable
[0221/112150.015:ERROR:process_info.cc(608)] range at 0x27ca309200000000, size 0x4e fully unreadable
[0221/112150.015:ERROR:process_info.cc(608)] range at 0x0, size 0x4e fully unreadable
[0221/113752.112:ERROR:process_info.cc(608)] range at 0x9ae1307000000000, size 0x49 fully unreadable
[0221/113752.112:ERROR:process_info.cc(608)] range at 0x9ae1309000000000, size 0x49 fully unreadable
[0221/113752.112:ERROR:process_info.cc(608)] range at 0x0, size 0x49 fully unreadable
[0221/113816.830:ERROR:process_info.cc(608)] range at 0xffb8307000000000, size 0x62 fully unreadable
[0221/113816.830:ERROR:process_info.cc(608)] range at 0xffb8309000000000, size 0x62 fully unreadable
[0221/113816.830:ERROR:process_info.cc(608)] range at 0x0, size 0x62 fully unreadable
[0221/114001.718:ERROR:process_info.cc(608)] range at 0x9f9307000000000, size 0x32 fully unreadable
[0221/114001.718:ERROR:process_info.cc(608)] range at 0x9f9309000000000, size 0x32 fully unreadable
[0221/114001.718:ERROR:process_info.cc(608)] range at 0x0, size 0x32 fully unreadable
[0221/114112.400:ERROR:process_info.cc(608)] range at 0x9f84307000000000, size 0x6 fully unreadable
[0221/114112.401:ERROR:process_info.cc(608)] range at 0x9f84309000000000, size 0x6 fully unreadable
[0221/114112.401:ERROR:process_info.cc(608)] range at 0x0, size 0x6 fully unreadable
[0221/114553.959:ERROR:process_info.cc(608)] range at 0x75c4307200000000, size 0xde fully unreadable
[0221/114553.959:ERROR:process_info.cc(608)] range at 0x75c4309200000000, size 0xde fully unreadable
[0221/114553.959:ERROR:process_info.cc(608)] range at 0x0, size 0xde fully unreadable
[0221/115305.670:ERROR:process_info.cc(608)] range at 0x3485307000000000, size 0xb5 fully unreadable
[0221/115305.670:ERROR:process_info.cc(608)] range at 0x3485309000000000, size 0xb5 fully unreadable
[0221/115305.670:ERROR:process_info.cc(608)] range at 0x0, size 0xb5 fully unreadable
[0221/115359.535:ERROR:process_info.cc(608)] range at 0x2c03306e00000000, size 0x19 fully unreadable
[0221/115359.536:ERROR:process_info.cc(608)] range at 0x2c03308e00000000, size 0x19 fully unreadable
[0221/115359.536:ERROR:process_info.cc(608)] range at 0x0, size 0x19 fully unreadable
[0221/115950.491:ERROR:process_info.cc(608)] range at 0xa2a4307000000000, size 0x3d fully unreadable
[0221/115950.491:ERROR:process_info.cc(608)] range at 0xa2a4309000000000, size 0x3d fully unreadable
[0221/115950.491:ERROR:process_info.cc(608)] range at 0x0, size 0x3d fully unreadable
[0221/120010.902:ERROR:process_info.cc(608)] range at 0x45b307000000000, size 0x67 fully unreadable
[0221/120010.903:ERROR:process_info.cc(608)] range at 0x45b309000000000, size 0x67 fully unreadable
[0221/120010.903:ERROR:process_info.cc(608)] range at 0x0, size 0x67 fully unreadable
[0221/120056.074:ERROR:process_info.cc(608)] range at 0x6fdc307000000000, size 0xf2 fully unreadable
[0221/120056.074:ERROR:process_info.cc(608)] range at 0x6fdc309000000000, size 0xf2 fully unreadable
[0221/120056.074:ERROR:process_info.cc(608)] range at 0x0, size 0xf2 fully unreadable
[0221/134141.481:ERROR:process_info.cc(608)] range at 0xf649307000000000, size 0xf9 fully unreadable
[0221/134141.481:ERROR:process_info.cc(608)] range at 0xf649309000000000, size 0xf9 fully unreadable
[0221/134141.481:ERROR:process_info.cc(608)] range at 0x0, size 0xf9 fully unreadable
[0221/134331.807:ERROR:process_info.cc(608)] range at 0x1b48307000000000, size 0x81 fully unreadable
[0221/134331.807:ERROR:process_info.cc(608)] range at 0x1b48309000000000, size 0x81 fully unreadable
[0221/134331.807:ERROR:process_info.cc(608)] range at 0x0, size 0x81 fully unreadable
[0221/135032.705:ERROR:process_info.cc(608)] range at 0xf8b5307000000000, size 0xaf fully unreadable
[0221/135032.705:ERROR:process_info.cc(608)] range at 0xf8b5309000000000, size 0xaf fully unreadable
[0221/135032.706:ERROR:process_info.cc(608)] range at 0x0, size 0xaf fully unreadable
[0221/135152.923:ERROR:process_info.cc(608)] range at 0x402f307200000000, size 0x83 fully unreadable
[0221/135152.923:ERROR:process_info.cc(608)] range at 0x402f309200000000, size 0x83 fully unreadable
[0221/135152.923:ERROR:process_info.cc(608)] range at 0x0, size 0x83 fully unreadable
[0221/135959.878:ERROR:process_info.cc(608)] range at 0xc318307200000000, size 0x97 fully unreadable
[0221/135959.878:ERROR:process_info.cc(608)] range at 0xc318309200000000, size 0x97 fully unreadable
[0221/135959.878:ERROR:process_info.cc(608)] range at 0x0, size 0x97 fully unreadable
[0221/140123.976:ERROR:process_info.cc(608)] range at 0x847307200000000, size 0xa8 fully unreadable
[0221/140123.976:ERROR:process_info.cc(608)] range at 0x847309200000000, size 0xa8 fully unreadable
[0221/140123.976:ERROR:process_info.cc(608)] range at 0x0, size 0xa8 fully unreadable
[0221/142626.597:ERROR:process_info.cc(608)] range at 0xa527307200000000, size 0x35 fully unreadable
[0221/142626.597:ERROR:process_info.cc(608)] range at 0xa527309200000000, size 0x35 fully unreadable
[0221/142626.597:ERROR:process_info.cc(608)] range at 0x0, size 0x35 fully unreadable
[0221/143352.444:ERROR:process_info.cc(608)] range at 0xa574307200000000, size 0xbf fully unreadable
[0221/143352.444:ERROR:process_info.cc(608)] range at 0xa574309200000000, size 0xbf fully unreadable
[0221/143352.444:ERROR:process_info.cc(608)] range at 0x0, size 0xbf fully unreadable
[0221/143452.595:ERROR:process_info.cc(608)] range at 0x7951307200000000, size 0xe1 fully unreadable
[0221/143452.595:ERROR:process_info.cc(608)] range at 0x7951309200000000, size 0xe1 fully unreadable
[0221/143452.595:ERROR:process_info.cc(608)] range at 0x0, size 0xe1 fully unreadable
[0221/143602.929:ERROR:process_info.cc(608)] range at 0xe4a2306c00000000, size 0xf3 fully unreadable
[0221/143602.930:ERROR:process_info.cc(608)] range at 0xe4a2308c00000000, size 0xf3 fully unreadable
[0221/143602.930:ERROR:process_info.cc(608)] range at 0x0, size 0xf3 fully unreadable
[0221/143727.966:ERROR:process_info.cc(608)] range at 0x1daf307200000000, size 0x9f fully unreadable
[0221/143727.966:ERROR:process_info.cc(608)] range at 0x1daf309200000000, size 0x9f fully unreadable
[0221/143727.966:ERROR:process_info.cc(608)] range at 0x0, size 0x9f fully unreadable
[0221/144814.013:ERROR:process_info.cc(608)] range at 0x118f307000000000, size 0xc4 fully unreadable
[0221/144814.013:ERROR:process_info.cc(608)] range at 0x118f309000000000, size 0xc4 fully unreadable
[0221/144814.013:ERROR:process_info.cc(608)] range at 0x0, size 0xc4 fully unreadable
[0221/145710.049:ERROR:process_info.cc(608)] range at 0xe566307000000000, size 0xf0 fully unreadable
[0221/145710.050:ERROR:process_info.cc(608)] range at 0xe566309000000000, size 0xf0 fully unreadable
[0221/145710.050:ERROR:process_info.cc(608)] range at 0x0, size 0xf0 fully unreadable
[0221/151006.401:ERROR:process_info.cc(608)] range at 0xf38d307200000000, size 0x8b fully unreadable
[0221/151006.401:ERROR:process_info.cc(608)] range at 0xf38d309200000000, size 0x8b fully unreadable
[0221/151006.401:ERROR:process_info.cc(608)] range at 0x0, size 0x8b fully unreadable
[0221/151317.146:ERROR:process_info.cc(608)] range at 0x952307200000000, size 0xd8 fully unreadable
[0221/151317.146:ERROR:process_info.cc(608)] range at 0x952309200000000, size 0xd8 fully unreadable
[0221/151317.146:ERROR:process_info.cc(608)] range at 0x0, size 0xd8 fully unreadable
[0221/151517.338:ERROR:process_info.cc(608)] range at 0xd405307000000000, size 0x45 fully unreadable
[0221/151517.338:ERROR:process_info.cc(608)] range at 0xd405309000000000, size 0x45 fully unreadable
[0221/151517.339:ERROR:process_info.cc(608)] range at 0x0, size 0x45 fully unreadable
[0221/151832.548:ERROR:process_info.cc(608)] range at 0xce9d307000000000, size 0x13 fully unreadable
[0221/151832.548:ERROR:process_info.cc(608)] range at 0xce9d309000000000, size 0x13 fully unreadable
[0221/151832.548:ERROR:process_info.cc(608)] range at 0x0, size 0x13 fully unreadable
[0221/151922.080:ERROR:process_info.cc(608)] range at 0x4cc3306e00000000, size 0xb5 fully unreadable
[0221/151922.080:ERROR:process_info.cc(608)] range at 0x4cc3308e00000000, size 0xb5 fully unreadable
[0221/151922.080:ERROR:process_info.cc(608)] range at 0x0, size 0xb5 fully unreadable
[0221/151957.871:ERROR:process_info.cc(608)] range at 0x9986307200000000, size 0x13 fully unreadable
[0221/151957.872:ERROR:process_info.cc(608)] range at 0x9986309200000000, size 0x13 fully unreadable
[0221/151957.872:ERROR:process_info.cc(608)] range at 0x0, size 0x13 fully unreadable
[0221/155936.877:ERROR:process_info.cc(608)] range at 0x9684307200000000, size 0x81 fully unreadable
[0221/155936.877:ERROR:process_info.cc(608)] range at 0x9684309200000000, size 0x81 fully unreadable
[0221/155936.877:ERROR:process_info.cc(608)] range at 0x0, size 0x81 fully unreadable
[0221/160015.050:ERROR:process_info.cc(608)] range at 0x84e6306e00000000, size 0xaa fully unreadable
[0221/160015.050:ERROR:process_info.cc(608)] range at 0x84e6308e00000000, size 0xaa fully unreadable
[0221/160015.050:ERROR:process_info.cc(608)] range at 0x0, size 0xaa fully unreadable
[0221/160102.072:ERROR:process_info.cc(608)] range at 0xf8a6307000000000, size 0x23 fully unreadable
[0221/160102.072:ERROR:process_info.cc(608)] range at 0xf8a6309000000000, size 0x23 fully unreadable
[0221/160102.072:ERROR:process_info.cc(608)] range at 0x0, size 0x23 fully unreadable
[0221/160132.188:ERROR:process_info.cc(608)] range at 0xfb2d307000000000, size 0x7f fully unreadable
[0221/160132.188:ERROR:process_info.cc(608)] range at 0xfb2d309000000000, size 0x7f fully unreadable
[0221/160132.188:ERROR:process_info.cc(608)] range at 0x0, size 0x7f fully unreadable
[0221/160324.163:ERROR:process_info.cc(608)] range at 0x7c2f307200000000, size 0x33 fully unreadable
[0221/160324.163:ERROR:process_info.cc(608)] range at 0x7c2f309200000000, size 0x33 fully unreadable
[0221/160324.163:ERROR:process_info.cc(608)] range at 0x0, size 0x33 fully unreadable
[0221/160402.755:ERROR:process_info.cc(608)] range at 0x5d23307000000000, size 0x59 fully unreadable
[0221/160402.755:ERROR:process_info.cc(608)] range at 0x5d23309000000000, size 0x59 fully unreadable
[0221/160402.755:ERROR:process_info.cc(608)] range at 0x0, size 0x59 fully unreadable
[0221/160444.753:ERROR:process_info.cc(608)] range at 0x3be0307200000000, size 0xe8 fully unreadable
[0221/160444.753:ERROR:process_info.cc(608)] range at 0x3be0309200000000, size 0xe8 fully unreadable
[0221/160444.753:ERROR:process_info.cc(608)] range at 0x0, size 0xe8 fully unreadable
[0221/163511.271:ERROR:process_info.cc(608)] range at 0x82a4307200000000, size 0x14 fully unreadable
[0221/163511.271:ERROR:process_info.cc(608)] range at 0x82a4309200000000, size 0x14 fully unreadable
[0221/163511.272:ERROR:process_info.cc(608)] range at 0x0, size 0x14 fully unreadable
[0221/163901.969:ERROR:process_info.cc(608)] range at 0xe67307200000000, size 0x43 fully unreadable
[0221/163901.969:ERROR:process_info.cc(608)] range at 0xe67309200000000, size 0x43 fully unreadable
[0221/163901.969:ERROR:process_info.cc(608)] range at 0x0, size 0x43 fully unreadable
[0221/164807.697:ERROR:process_info.cc(608)] range at 0xa66b307200000000, size 0x53 fully unreadable
[0221/164807.697:ERROR:process_info.cc(608)] range at 0xa66b309200000000, size 0x53 fully unreadable
[0221/164807.697:ERROR:process_info.cc(608)] range at 0x0, size 0x53 fully unreadable
[0221/164853.705:ERROR:process_info.cc(608)] range at 0x1fae307200000000, size 0xc9 fully unreadable
[0221/164853.706:ERROR:process_info.cc(608)] range at 0x1fae309200000000, size 0xc9 fully unreadable
[0221/164853.706:ERROR:process_info.cc(608)] range at 0x0, size 0xc9 fully unreadable
[0221/165419.084:ERROR:process_info.cc(608)] range at 0xec0b306e00000000, size 0xf9 fully unreadable
[0221/165419.084:ERROR:process_info.cc(608)] range at 0xec0b308e00000000, size 0xf9 fully unreadable
[0221/165419.084:ERROR:process_info.cc(608)] range at 0x0, size 0xf9 fully unreadable
[0221/165514.408:ERROR:process_info.cc(608)] range at 0x796a307200000000, size 0x8c fully unreadable
[0221/165514.408:ERROR:process_info.cc(608)] range at 0x796a309200000000, size 0x8c fully unreadable
[0221/165514.408:ERROR:process_info.cc(608)] range at 0x0, size 0x8c fully unreadable
[0221/165614.328:ERROR:process_info.cc(608)] range at 0x5b09306e00000000, size 0x69 fully unreadable
[0221/165614.329:ERROR:process_info.cc(608)] range at 0x5b09308e00000000, size 0x69 fully unreadable
[0221/165614.329:ERROR:process_info.cc(608)] range at 0x0, size 0x69 fully unreadable
[0221/170724.534:ERROR:process_info.cc(608)] range at 0xdbf8307200000000, size 0xaf fully unreadable
[0221/170724.534:ERROR:process_info.cc(608)] range at 0xdbf8309200000000, size 0xaf fully unreadable
[0221/170724.534:ERROR:process_info.cc(608)] range at 0x0, size 0xaf fully unreadable
[0221/171135.708:ERROR:process_info.cc(608)] range at 0x6d3e307200000000, size 0xa5 fully unreadable
[0221/171135.708:ERROR:process_info.cc(608)] range at 0x6d3e309200000000, size 0xa5 fully unreadable
[0221/171135.708:ERROR:process_info.cc(608)] range at 0x0, size 0xa5 fully unreadable
